c:\users\hutto\downloads\repos\tankbattle\tankbattle\x64\debug\vc142.pdb
c:\users\hutto\downloads\repos\tankbattle\tankbattle\x64\debug\vc142.idb
c:\users\hutto\downloads\repos\tankbattle\tankbattle\x64\debug\win32_summer.obj
c:\users\hutto\downloads\repos\tankbattle\tankbattle\x64\debug\win32_sound.obj
c:\users\hutto\downloads\repos\tankbattle\tankbattle\x64\debug\win32_input.obj
c:\users\hutto\downloads\repos\tankbattle\tankbattle\x64\debug\vector_summerjam.obj
c:\users\hutto\downloads\repos\tankbattle\tankbattle\x64\debug\vector2_summer.obj
c:\users\hutto\downloads\repos\tankbattle\tankbattle\x64\debug\useful_summerjam.obj
c:\users\hutto\downloads\repos\tankbattle\tankbattle\x64\debug\summer_opengl.obj
c:\users\hutto\downloads\repos\tankbattle\tankbattle\x64\debug\matrix_summer.obj
c:\users\hutto\downloads\repos\tankbattle\tankbattle\x64\debug\main.obj
c:\users\hutto\downloads\repos\tankbattle\tankbattle\x64\debug\game.obj
c:\users\hutto\downloads\repos\tankbattle\tankbattle\x64\debug\collision.obj
c:\users\hutto\downloads\repos\tankbattle\tankbattle\x64\debug\audio.obj
c:\users\hutto\downloads\repos\tankbattle\x64\debug\tankbattle.pdb
c:\users\hutto\downloads\repos\tankbattle\tankbattle\x64\debug\tankbattle.tlog\cl.command.1.tlog
c:\users\hutto\downloads\repos\tankbattle\tankbattle\x64\debug\tankbattle.tlog\cl.read.1.tlog
c:\users\hutto\downloads\repos\tankbattle\tankbattle\x64\debug\tankbattle.tlog\cl.write.1.tlog
c:\users\hutto\downloads\repos\tankbattle\tankbattle\x64\debug\tankbattle.tlog\link-cvtres.read.1.tlog
c:\users\hutto\downloads\repos\tankbattle\tankbattle\x64\debug\tankbattle.tlog\link-cvtres.write.1.tlog
c:\users\hutto\downloads\repos\tankbattle\tankbattle\x64\debug\tankbattle.tlog\link-rc.read.1.tlog
c:\users\hutto\downloads\repos\tankbattle\tankbattle\x64\debug\tankbattle.tlog\link-rc.write.1.tlog
c:\users\hutto\downloads\repos\tankbattle\tankbattle\x64\debug\tankbattle.tlog\link.command.1.tlog
c:\users\hutto\downloads\repos\tankbattle\tankbattle\x64\debug\tankbattle.tlog\link.read.1.tlog
c:\users\hutto\downloads\repos\tankbattle\tankbattle\x64\debug\tankbattle.tlog\link.write.1.tlog
